2025-02-04 14:23:55,068 - ERROR - Error en el entrenamiento: Expected n_neighbors <= n_samples_fit, but n_neighbors = 6, n_samples_fit = 4, n_samples = 4
2025-02-04 14:27:42,644 - WARNING - ⚠️ Eliminadas 111 muestras de clases con menos de 5 instancias
2025-02-04 14:27:42,654 - ERROR - Error en el entrenamiento: Expected n_neighbors <= n_samples_fit, but n_neighbors = 6, n_samples_fit = 4, n_samples = 4
2025-02-04 14:57:32,805 - INFO - Iniciando entrenamiento del modelo...
2025-02-04 14:57:32,805 - INFO - Iniciando carga de datos...
2025-02-04 14:57:32,816 - WARNING - Clases filtradas: 111 muestras removidas
2025-02-04 14:57:32,820 - INFO - Datos procesados: 137 muestras, 74 clases
2025-02-04 14:57:33,058 - ERROR - Error en entrenamiento: Number of classes, 17, does not match size of target_names, 74. Try specifying the labels parameter
2025-02-04 15:01:09,411 - INFO - Iniciando entrenamiento del modelo...
2025-02-04 15:01:09,411 - INFO - Iniciando carga y preprocesamiento de datos...
2025-02-04 15:01:09,418 - INFO - Datos procesados: 137 muestras, 17 clases válidas
2025-02-04 15:01:09,711 - ERROR - Error en entrenamiento: Object of type int64 is not JSON serializable
2025-02-04 15:01:15,221 - INFO - Iniciando entrenamiento del modelo...
2025-02-04 15:01:15,221 - INFO - Iniciando carga y preprocesamiento de datos...
2025-02-04 15:01:15,231 - INFO - Datos procesados: 137 muestras, 17 clases válidas
2025-02-04 15:01:15,517 - ERROR - Error en entrenamiento: Object of type int64 is not JSON serializable
2025-02-05 23:24:25,978 - INFO - Iniciando entrenamiento del modelo...
2025-02-05 23:24:25,978 - INFO - Iniciando carga y preprocesamiento de datos...
2025-02-05 23:24:27,631 - INFO - Datos procesados: 33 muestras, 5 clases válidas
2025-02-05 23:24:29,917 - ERROR - Error en entrenamiento: Object of type int64 is not JSON serializable
2025-02-05 23:29:36,007 - INFO - Iniciando entrenamiento del modelo...
2025-02-05 23:29:36,007 - INFO - Iniciando carga y preprocesamiento de datos...
2025-02-05 23:29:37,572 - INFO - Datos procesados: 33 muestras, 5 clases válidas
2025-02-05 23:29:39,838 - INFO - Entrenamiento completado en 0:00:03.804497
Validación cruzada F1: 50.87% (±31.20%)
Precisión final: 57.14%
Clases detectadas: 5
2025-02-06 07:13:59,555 - INFO - Iniciando entrenamiento del modelo...
2025-02-06 07:13:59,555 - INFO - Iniciando carga y preprocesamiento de datos...
2025-02-06 07:14:01,622 - INFO - Datos procesados: 33 muestras, 5 clases válidas
2025-02-06 07:14:04,403 - INFO - Entrenamiento completado en 0:00:04.810575
Validación cruzada F1: 50.87% (±31.20%)
Precisión final: 57.14%
Clases detectadas: 5
